# JRE version: OpenJDK Runtime Environment (11.0.6+10) (build 11.0.6+10)
# Java VM: OpenJDK 64-Bit Server VM (11.0.6+10, mixed mode, tiered, compressed oops, g1 gc, windows-amd64)
Heap:
 garbage-first heap   total 131072K, used 53531K [0x0000000081c00000, 0x0000000100000000)
  region size 1024K, 44 young (45056K), 6 survivors (6144K)
 Metaspace       used 37973K, capacity 39107K, committed 39164K, reserved 1083392K
  class space    used 4649K, capacity 5089K, committed 5116K, reserved 1048576K
GC Heap History (12 events):
Event: 1.133 GC heap before
{Heap before GC invocations=0 (full 0):
 garbage-first heap   total 131072K, used 24576K [0x0000000081c00000, 0x0000000100000000)
  region size 1024K, 24 young (24576K), 0 survivors (0K)
 Metaspace       used 10529K, capacity 10917K, committed 11264K, reserved 1058816K
  class space    used 1053K, capacity 1172K, committed 1280K, reserved 1048576K
}
Event: 1.140 GC heap after
{Heap after GC invocations=1 (full 0):
 garbage-first heap   total 131072K, used 7745K [0x0000000081c00000, 0x0000000100000000)
  region size 1024K, 3 young (3072K), 3 survivors (3072K)
 Metaspace       used 10529K, capacity 10917K, committed 11264K, reserved 1058816K
  class space    used 1053K, capacity 1172K, committed 1280K, reserved 1048576K
}
Event: 2.434 GC heap before
{Heap before GC invocations=1 (full 0):
 garbage-first heap   total 131072K, used 81473K [0x0000000081c00000, 0x0000000100000000)
  region size 1024K, 76 young (77824K), 3 survivors (3072K)
 Metaspace       used 19081K, capacity 19674K, committed 19712K, reserved 1067008K
  class space    used 2074K, capacity 2292K, committed 2304K, reserved 1048576K
}
Event: 2.445 GC heap after
{Heap after GC invocations=2 (full 0):
 garbage-first heap   total 131072K, used 10944K [0x0000000081c00000, 0x0000000100000000)
  region size 1024K, 7 young (7168K), 7 survivors (7168K)
 Metaspace       used 19081K, capacity 19674K, committed 19712K, reserved 1067008K
  class space    used 2074K, capacity 2292K, committed 2304K, reserved 1048576K
}
Event: 2.741 GC heap before
{Heap before GC invocations=2 (full 0):
 garbage-first heap   total 131072K, used 73408K [0x0000000081c00000, 0x0000000100000000)
  region size 1024K, 70 young (71680K), 7 survivors (7168K)
 Metaspace       used 20536K, capacity 21183K, committed 21248K, reserved 1069056K
  class space    used 2311K, capacity 2543K, committed 2560K, reserved 1048576K
}
Event: 2.747 GC heap after
{Heap after GC invocations=3 (full 0):
 garbage-first heap   total 131072K, used 11080K [0x0000000081c00000, 0x0000000100000000)
  region size 1024K, 4 young (4096K), 4 survivors (4096K)
 Metaspace       used 20536K, capacity 21183K, committed 21248K, reserved 1069056K
  class space    used 2311K, capacity 2543K, committed 2560K, reserved 1048576K
}
Event: 4.131 GC heap before
{Heap before GC invocations=4 (full 0):
 garbage-first heap   total 131072K, used 83784K [0x0000000081c00000, 0x0000000100000000)
  region size 1024K, 76 young (77824K), 4 survivors (4096K)
 Metaspace       used 29145K, capacity 29971K, committed 30204K, reserved 1075200K
  class space    used 3463K, capacity 3793K, committed 3836K, reserved 1048576K
}
Event: 4.145 GC heap after
{Heap after GC invocations=5 (full 0):
 garbage-first heap   total 131072K, used 13409K [0x0000000081c00000, 0x0000000100000000)
  region size 1024K, 6 young (6144K), 6 survivors (6144K)
 Metaspace       used 29145K, capacity 29971K, committed 30204K, reserved 1075200K
  class space    used 3463K, capacity 3793K, committed 3836K, reserved 1048576K
}
Event: 5.599 GC heap before
{Heap before GC invocations=5 (full 0):
 garbage-first heap   total 131072K, used 84065K [0x0000000081c00000, 0x0000000100000000)
  region size 1024K, 76 young (77824K), 6 survivors (6144K)
 Metaspace       used 33145K, capacity 34113K, committed 34428K, reserved 1079296K
  class space    used 3968K, capacity 4358K, committed 4476K, reserved 1048576K
}
Event: 5.608 GC heap after
{Heap after GC invocations=6 (full 0):
 garbage-first heap   total 131072K, used 14991K [0x0000000081c00000, 0x0000000100000000)
  region size 1024K, 5 young (5120K), 5 survivors (5120K)
 Metaspace       used 33145K, capacity 34113K, committed 34428K, reserved 1079296K
  class space    used 3968K, capacity 4358K, committed 4476K, reserved 1048576K
}
Event: 6.481 GC heap before
{Heap before GC invocations=6 (full 0):
 garbage-first heap   total 131072K, used 32399K [0x0000000081c00000, 0x0000000100000000)
  region size 1024K, 23 young (23552K), 5 survivors (5120K)
 Metaspace       used 34850K, capacity 35843K, committed 35964K, reserved 1081344K
  class space    used 4211K, capacity 4653K, committed 4732K, reserved 1048576K
}
Event: 6.492 GC heap after
{Heap after GC invocations=7 (full 0):
 garbage-first heap   total 131072K, used 15643K [0x0000000081c00000, 0x0000000100000000)
  region size 1024K, 6 young (6144K), 6 survivors (6144K)
 Metaspace       used 34850K, capacity 35843K, committed 35964K, reserved 1081344K
  class space    used 4211K, capacity 4653K, committed 4732K, reserved 1048576K
}

