# JRE version: OpenJDK Runtime Environment (11.0.6+10) (build 11.0.6+10)
# Java VM: OpenJDK 64-Bit Server VM (11.0.6+10, mixed mode, tiered, compressed oops, g1 gc, windows-amd64)
Heap:
 garbage-first heap   total 189440K, used 34350K [0x0000000081c00000, 0x0000000100000000)
  region size 1024K, 10 young (10240K), 10 survivors (10240K)
 Metaspace       used 69505K, capacity 71388K, committed 71580K, reserved 1112064K
  class space    used 9131K, capacity 9879K, committed 9964K, reserved 1048576K
GC Heap History (19 events):
Event: 1.087 GC heap before
{Heap before GC invocations=0 (full 0):
 garbage-first heap   total 131072K, used 25600K [0x0000000081c00000, 0x0000000100000000)
  region size 1024K, 24 young (24576K), 0 survivors (0K)
 Metaspace       used 14141K, capacity 14473K, committed 14720K, reserved 1062912K
  class space    used 1486K, capacity 1592K, committed 1664K, reserved 1048576K
}
Event: 1.094 GC heap after
{Heap after GC invocations=1 (full 0):
 garbage-first heap   total 131072K, used 7547K [0x0000000081c00000, 0x0000000100000000)
  region size 1024K, 3 young (3072K), 3 survivors (3072K)
 Metaspace       used 14141K, capacity 14473K, committed 14720K, reserved 1062912K
  class space    used 1486K, capacity 1592K, committed 1664K, reserved 1048576K
}
Event: 1.398 GC heap before
{Heap before GC invocations=1 (full 0):
 garbage-first heap   total 131072K, used 28027K [0x0000000081c00000, 0x0000000100000000)
  region size 1024K, 23 young (23552K), 3 survivors (3072K)
 Metaspace       used 18234K, capacity 18805K, committed 18944K, reserved 1067008K
  class space    used 2037K, capacity 2241K, committed 2304K, reserved 1048576K
}
Event: 1.403 GC heap after
{Heap after GC invocations=2 (full 0):
 garbage-first heap   total 131072K, used 9169K [0x0000000081c00000, 0x0000000100000000)
  region size 1024K, 2 young (2048K), 2 survivors (2048K)
 Metaspace       used 18234K, capacity 18805K, committed 18944K, reserved 1067008K
  class space    used 2037K, capacity 2241K, committed 2304K, reserved 1048576K
}
Event: 1.524 GC heap before
{Heap before GC invocations=2 (full 0):
 garbage-first heap   total 131072K, used 22481K [0x0000000081c00000, 0x0000000100000000)
  region size 1024K, 17 young (17408K), 2 survivors (2048K)
 Metaspace       used 20543K, capacity 21095K, committed 21296K, reserved 1069056K
  class space    used 2381K, capacity 2596K, committed 2688K, reserved 1048576K
}
Event: 1.527 GC heap after
{Heap after GC invocations=3 (full 0):
 garbage-first heap   total 131072K, used 9470K [0x0000000081c00000, 0x0000000100000000)
  region size 1024K, 2 young (2048K), 2 survivors (2048K)
 Metaspace       used 20543K, capacity 21095K, committed 21296K, reserved 1069056K
  class space    used 2381K, capacity 2596K, committed 2688K, reserved 1048576K
}
Event: 1.872 GC heap before
{Heap before GC invocations=4 (full 0):
 garbage-first heap   total 131072K, used 69886K [0x0000000081c00000, 0x0000000100000000)
  region size 1024K, 63 young (64512K), 2 survivors (2048K)
 Metaspace       used 24828K, capacity 25658K, committed 25904K, reserved 1071104K
  class space    used 3061K, capacity 3365K, committed 3456K, reserved 1048576K
}
Event: 1.880 GC heap after
{Heap after GC invocations=5 (full 0):
 garbage-first heap   total 131072K, used 11601K [0x0000000081c00000, 0x0000000100000000)
  region size 1024K, 4 young (4096K), 4 survivors (4096K)
 Metaspace       used 24828K, capacity 25658K, committed 25904K, reserved 1071104K
  class space    used 3061K, capacity 3365K, committed 3456K, reserved 1048576K
}
Event: 2.450 GC heap before
{Heap before GC invocations=5 (full 0):
 garbage-first heap   total 131072K, used 79185K [0x0000000081c00000, 0x0000000100000000)
  region size 1024K, 71 young (72704K), 4 survivors (4096K)
 Metaspace       used 30057K, capacity 31111K, committed 31280K, reserved 1077248K
  class space    used 3768K, capacity 4201K, committed 4224K, reserved 1048576K
}
Event: 2.457 GC heap after
{Heap after GC invocations=6 (full 0):
 garbage-first heap   total 131072K, used 13615K [0x0000000081c00000, 0x0000000100000000)
  region size 1024K, 6 young (6144K), 6 survivors (6144K)
 Metaspace       used 30057K, capacity 31111K, committed 31280K, reserved 1077248K
  class space    used 3768K, capacity 4201K, committed 4224K, reserved 1048576K
}
Event: 2.906 GC heap before
{Heap before GC invocations=6 (full 0):
 garbage-first heap   total 131072K, used 55599K [0x0000000081c00000, 0x0000000100000000)
  region size 1024K, 48 young (49152K), 6 survivors (6144K)
 Metaspace       used 34619K, capacity 35753K, committed 35888K, reserved 1081344K
  class space    used 4402K, capacity 4889K, committed 4992K, reserved 1048576K
}
Event: 2.922 GC heap after
{Heap after GC invocations=7 (full 0):
 garbage-first heap   total 157696K, used 16496K [0x0000000081c00000, 0x0000000100000000)
  region size 1024K, 8 young (8192K), 8 survivors (8192K)
 Metaspace       used 34619K, capacity 35753K, committed 35888K, reserved 1081344K
  class space    used 4402K, capacity 4889K, committed 4992K, reserved 1048576K
}
Event: 3.300 GC heap before
{Heap before GC invocations=8 (full 0):
 garbage-first heap   total 157696K, used 97392K [0x0000000081c00000, 0x0000000100000000)
  region size 1024K, 88 young (90112K), 8 survivors (8192K)
 Metaspace       used 38706K, capacity 40000K, committed 40240K, reserved 1083392K
  class space    used 4894K, capacity 5405K, committed 5504K, reserved 1048576K
}
Event: 3.306 GC heap after
{Heap after GC invocations=9 (full 0):
 garbage-first heap   total 157696K, used 18303K [0x0000000081c00000, 0x0000000100000000)
  region size 1024K, 8 young (8192K), 8 survivors (8192K)
 Metaspace       used 38706K, capacity 40000K, committed 40240K, reserved 1083392K
  class space    used 4894K, capacity 5405K, committed 5504K, reserved 1048576K
}
Event: 3.830 GC heap before
{Heap before GC invocations=9 (full 0):
 garbage-first heap   total 157696K, used 104319K [0x0000000081c00000, 0x0000000100000000)
  region size 1024K, 92 young (94208K), 8 survivors (8192K)
 Metaspace       used 51801K, capacity 53225K, committed 53552K, reserved 1095680K
  class space    used 6658K, capacity 7224K, committed 7296K, reserved 1048576K
}
Event: 3.837 GC heap after
{Heap after GC invocations=10 (full 0):
 garbage-first heap   total 157696K, used 24992K [0x0000000081c00000, 0x0000000100000000)
  region size 1024K, 12 young (12288K), 12 survivors (12288K)
 Metaspace       used 51801K, capacity 53225K, committed 53552K, reserved 1095680K
  class space    used 6658K, capacity 7224K, committed 7296K, reserved 1048576K
}
Event: 4.309 GC heap before
{Heap before GC invocations=10 (full 0):
 garbage-first heap   total 157696K, used 93600K [0x0000000081c00000, 0x0000000100000000)
  region size 1024K, 81 young (82944K), 12 survivors (12288K)
 Metaspace       used 58633K, capacity 60133K, committed 60208K, reserved 1101824K
  class space    used 7686K, capacity 8287K, committed 8320K, reserved 1048576K
}
Event: 4.319 GC heap after
{Heap after GC invocations=11 (full 0):
 garbage-first heap   total 157696K, used 29808K [0x0000000081c00000, 0x0000000100000000)
  region size 1024K, 6 young (6144K), 6 survivors (6144K)
 Metaspace       used 58633K, capacity 60133K, committed 60208K, reserved 1101824K
  class space    used 7686K, capacity 8287K, committed 8320K, reserved 1048576K
}
Event: 20.814 GC heap before
{Heap before GC invocations=12 (full 0):
 garbage-first heap   total 157696K, used 115824K [0x0000000081c00000, 0x0000000100000000)
  region size 1024K, 90 young (92160K), 6 survivors (6144K)
 Metaspace       used 69505K, capacity 71388K, committed 71580K, reserved 1112064K
  class space    used 9131K, capacity 9879K, committed 9964K, reserved 1048576K
}

